Using pre-set license
Built from '2020.3/staging' branch; Version is '2020.3.24f1 (79c78de19888) revision 7980941'; Using compiler version '192528614'; Build Type 'Release'
OS: 'Windows 10  (10.0.19043) 64bit Professional' Language: 'en' Physical Memory: 16332 MB
BatchMode: 1, IsHumanControllingUs: 0, StartBugReporterOnCrash: 0, Is64bit: 1, IsPro: 0

COMMAND LINE ARGUMENTS:
E:\Unity\2020.3.24f1\Editor\Unity.exe
-adb2
-batchMode
-noUpm
-name
AssetImportWorker0
-projectPath
F:/Git_Repos/Magnet_Hands/Magnets
-logFile
Logs/AssetImportWorker0.log
-srvPort
56145
Successfully changed project path to: F:/Git_Repos/Magnet_Hands/Magnets
F:/Git_Repos/Magnet_Hands/Magnets
Using Asset Import Pipeline V2.
Refreshing native plugins compatible for Editor in 87.57 ms, found 4 plugins.
Preloading 0 native plugins for Editor in 0.00 ms.
Initialize engine version: 2020.3.24f1 (79c78de19888)
[Subsystems] Discovering subsystems at path E:/Unity/2020.3.24f1/Editor/Data/Resources/UnitySubsystems
[Subsystems] Discovering subsystems at path F:/Git_Repos/Magnet_Hands/Magnets/Assets
GfxDevice: creating device client; threaded=0
Direct3D:
    Version:  Direct3D 11.0 [level 11.1]
    Renderer: NVIDIA GeForce GTX 1660 SUPER (ID=0x21c4)
    Vendor:   
    VRAM:     5991 MB
    Driver:   30.0.14.9649
Initialize mono
Mono path[0] = 'E:/Unity/2020.3.24f1/Editor/Data/Managed'
Mono path[1] = 'E:/Unity/2020.3.24f1/Editor/Data/MonoBleedingEdge/lib/mono/unityjit'
Mono config path = 'E:/Unity/2020.3.24f1/Editor/Data/MonoBleedingEdge/etc'
Using monoOptions --debugger-agent=transport=dt_socket,embedding=1,server=y,suspend=n,address=127.0.0.1:56908
Begin MonoManager ReloadAssembly
Registering precompiled unity dll's ...
Register platform support module: E:/Unity/2020.3.24f1/Editor/Data/PlaybackEngines/WebGLSupport/UnityEditor.WebGL.Extensions.dll
Register platform support module: E:/Unity/2020.3.24f1/Editor/Data/PlaybackEngines/WindowsStandaloneSupport/UnityEditor.WindowsStandalone.Extensions.dll
Registered in 0.001776 seconds.
Native extension for WindowsStandalone target not found
Native extension for WebGL target not found
Refreshing native plugins compatible for Editor in 88.65 ms, found 4 plugins.
Preloading 0 native plugins for Editor in 0.00 ms.
Mono: successfully reloaded assembly
- Completed reload, in  0.612 seconds
Domain Reload Profiling:
	ReloadAssembly (612ms)
		BeginReloadAssembly (57ms)
			ExecutionOrderSort (0ms)
			DisableScriptedObjects (0ms)
			BackupInstance (0ms)
			ReleaseScriptingObjects (0ms)
			CreateAndSetChildDomain (1ms)
		EndReloadAssembly (484ms)
			LoadAssemblies (55ms)
			RebuildTransferFunctionScriptingTraits (0ms)
			SetupTypeCache (144ms)
			ReleaseScriptCaches (0ms)
			RebuildScriptCaches (28ms)
			SetupLoadedEditorAssemblies (211ms)
				LogAssemblyErrors (0ms)
				InitializePlatformSupportModulesInManaged (4ms)
				SetLoadedEditorAssemblies (0ms)
				RefreshPlugins (89ms)
				BeforeProcessingInitializeOnLoad (15ms)
				ProcessInitializeOnLoadAttributes (78ms)
				ProcessInitializeOnLoadMethodAttributes (25ms)
				AfterProcessingInitializeOnLoad (0ms)
				EditorAssembliesLoaded (0ms)
			ExecutionOrderSort2 (0ms)
			AwakeInstancesAfterBackupRestoration (0ms)
Platform modules already initialized, skipping
Registering precompiled user dll's ...
Registered in 0.004735 seconds.
Begin MonoManager ReloadAssembly
Native extension for WindowsStandalone target not found
Native extension for WebGL target not found
Refreshing native plugins compatible for Editor in 91.11 ms, found 4 plugins.
Preloading 0 native plugins for Editor in 0.00 ms.
Mono: successfully reloaded assembly
- Completed reload, in  2.091 seconds
Domain Reload Profiling:
	ReloadAssembly (2092ms)
		BeginReloadAssembly (155ms)
			ExecutionOrderSort (0ms)
			DisableScriptedObjects (9ms)
			BackupInstance (0ms)
			ReleaseScriptingObjects (0ms)
			CreateAndSetChildDomain (19ms)
		EndReloadAssembly (1877ms)
			LoadAssemblies (94ms)
			RebuildTransferFunctionScriptingTraits (0ms)
			SetupTypeCache (399ms)
			ReleaseScriptCaches (1ms)
			RebuildScriptCaches (64ms)
			SetupLoadedEditorAssemblies (1190ms)
				LogAssemblyErrors (0ms)
				InitializePlatformSupportModulesInManaged (4ms)
				SetLoadedEditorAssemblies (0ms)
				RefreshPlugins (91ms)
				BeforeProcessingInitializeOnLoad (102ms)
				ProcessInitializeOnLoadAttributes (977ms)
				ProcessInitializeOnLoadMethodAttributes (10ms)
				AfterProcessingInitializeOnLoad (5ms)
				EditorAssembliesLoaded (0ms)
			ExecutionOrderSort2 (0ms)
			AwakeInstancesAfterBackupRestoration (7ms)
Platform modules already initialized, skipping
========================================================================
Worker process is ready to serve import requests
Launched and connected shader compiler UnityShaderCompiler.exe after 0.11 seconds
Refreshing native plugins compatible for Editor in 0.97 ms, found 4 plugins.
Preloading 0 native plugins for Editor in 0.00 ms.
Unloading 4074 Unused Serialized files (Serialized files now loaded: 0)
System memory in use before: 186.2 MB.
System memory in use after: 186.5 MB.

Unloading 32 unused Assets to reduce memory usage. Loaded Objects now: 4551.
Total: 4.114000 ms (FindLiveObjects: 0.394900 ms CreateObjectMapping: 0.097700 ms MarkObjects: 3.531000 ms  DeleteObjects: 0.089000 ms)

AssetImportParameters requested are different than current active one (requested -> active):
  custom:framework-win-MediaFoundation: 216162199b28c13a410421893ffa2e32 -> 
  custom:video-decoder-ogg-theora: a1e56fd34408186e4bbccfd4996cb3dc -> 
  custom:container-muxer-webm: aa71ff27fc2769a1b78a27578f13a17b -> 
  custom:container-demuxer-webm: 4f35f7cbe854078d1ac9338744f61a02 -> 
  custom:container-demuxer-ogg: 62fdf1f143b41e24485cea50d1cbac27 -> 
  custom:video-encoder-webm-vp8: eb34c28f22e8b96e1ab97ce403110664 -> 
  custom:video-decoder-webm-vp8: 9c59270c3fd7afecdb556c50c9e8de78 -> 
  custom:audio-decoder-ogg-vorbis: bf7c407c2cedff20999df2af8eb42d56 -> 
  custom:audio-encoder-webm-vorbis: bf7c407c2cedff20999df2af8eb42d56 -> 
========================================================================
Received Import Request.
  path: Assets/Materials/Shaders/ToonRamp.hlsl
  artifactKey: Guid(65302d8fcba514b42a8ce9f04896f01c) Importer(815301076,1909f56bfc062723c751e8b465ee728b)
Start importing Assets/Materials/Shaders/ToonRamp.hlsl using Guid(65302d8fcba514b42a8ce9f04896f01c) Importer(815301076,1909f56bfc062723c751e8b465ee728b)  -> (artifact id: 'f5d0cf71781c85cbc6a398f9893c2bd5') in 0.047549 seconds 
  Import took 0.054180 seconds .

========================================================================
Received Import Request.
  Time since last request: 1968.219062 seconds.
  path: Assets/Materials/Shaders/ToonRamp.hlsl
  artifactKey: Guid(65302d8fcba514b42a8ce9f04896f01c) Importer(815301076,1909f56bfc062723c751e8b465ee728b)
Start importing Assets/Materials/Shaders/ToonRamp.hlsl using Guid(65302d8fcba514b42a8ce9f04896f01c) Importer(815301076,1909f56bfc062723c751e8b465ee728b)  -> (artifact id: 'b68e74803834249fc707ae12f7f02a5c') in 0.002281 seconds 
  Import took 0.018142 seconds .

========================================================================
Received Import Request.
  Time since last request: 15.178540 seconds.
  path: Assets/Materials/Shaders/ToonShading.shadergraph
  artifactKey: Guid(bb1cd331d886fcb4d8e046e5bbeb8e8d) Importer(815301076,1909f56bfc062723c751e8b465ee728b)
Start importing Assets/Materials/Shaders/ToonShading.shadergraph using Guid(bb1cd331d886fcb4d8e046e5bbeb8e8d) Importer(815301076,1909f56bfc062723c751e8b465ee728b)  -> (artifact id: 'a0f3c3a95456cabdedfa36dd60deba16') in 0.008749 seconds 
  Import took 0.023925 seconds .

========================================================================
Received Import Request.
  Time since last request: 74.239963 seconds.
  path: Assets/Materials/Shaders/ToonShading.shadergraph
  artifactKey: Guid(bb1cd331d886fcb4d8e046e5bbeb8e8d) Importer(815301076,1909f56bfc062723c751e8b465ee728b)
Start importing Assets/Materials/Shaders/ToonShading.shadergraph using Guid(bb1cd331d886fcb4d8e046e5bbeb8e8d) Importer(815301076,1909f56bfc062723c751e8b465ee728b)  -> (artifact id: '2f5a622c6c2bc21826d5fa21321f8045') in 0.002380 seconds 
  Import took 0.019629 seconds .

========================================================================
Received Import Request.
  Time since last request: 19.060652 seconds.
  path: Assets/Materials/Shaders/ToonShading.shadergraph
  artifactKey: Guid(bb1cd331d886fcb4d8e046e5bbeb8e8d) Importer(815301076,1909f56bfc062723c751e8b465ee728b)
Start importing Assets/Materials/Shaders/ToonShading.shadergraph using Guid(bb1cd331d886fcb4d8e046e5bbeb8e8d) Importer(815301076,1909f56bfc062723c751e8b465ee728b)  -> (artifact id: 'a595a5fc04d6994a6e0eba9b1c4be204') in 0.015572 seconds 
  Import took 0.026712 seconds .

========================================================================
Received Import Request.
  Time since last request: 20.992205 seconds.
  path: Assets/Materials/Shaders/ToonShading.shadergraph
  artifactKey: Guid(bb1cd331d886fcb4d8e046e5bbeb8e8d) Importer(815301076,1909f56bfc062723c751e8b465ee728b)
Start importing Assets/Materials/Shaders/ToonShading.shadergraph using Guid(bb1cd331d886fcb4d8e046e5bbeb8e8d) Importer(815301076,1909f56bfc062723c751e8b465ee728b)  -> (artifact id: 'faefdb582f45d017d727cb665111f610') in 0.002700 seconds 
  Import took 0.013993 seconds .

========================================================================
Received Import Request.
  Time since last request: 26.819760 seconds.
  path: Assets/Materials/Shaders/ToonShading.shadergraph
  artifactKey: Guid(bb1cd331d886fcb4d8e046e5bbeb8e8d) Importer(815301076,1909f56bfc062723c751e8b465ee728b)
Start importing Assets/Materials/Shaders/ToonShading.shadergraph using Guid(bb1cd331d886fcb4d8e046e5bbeb8e8d) Importer(815301076,1909f56bfc062723c751e8b465ee728b)  -> (artifact id: 'c93f2037c41f51c592b7f7ec85cccf13') in 0.002727 seconds 
  Import took 0.017452 seconds .

========================================================================
Received Import Request.
  Time since last request: 47.437348 seconds.
  path: Assets/Materials/Shaders/ToonShading.shadergraph
  artifactKey: Guid(bb1cd331d886fcb4d8e046e5bbeb8e8d) Importer(815301076,1909f56bfc062723c751e8b465ee728b)
Start importing Assets/Materials/Shaders/ToonShading.shadergraph using Guid(bb1cd331d886fcb4d8e046e5bbeb8e8d) Importer(815301076,1909f56bfc062723c751e8b465ee728b)  -> (artifact id: '98e6f1b8087990fc5c81aee8a5659cc3') in 0.002295 seconds 
  Import took 0.016296 seconds .

========================================================================
Received Import Request.
  Time since last request: 30.159861 seconds.
  path: Assets/Materials/Shaders/ToonShading.shadergraph
  artifactKey: Guid(bb1cd331d886fcb4d8e046e5bbeb8e8d) Importer(815301076,1909f56bfc062723c751e8b465ee728b)
Start importing Assets/Materials/Shaders/ToonShading.shadergraph using Guid(bb1cd331d886fcb4d8e046e5bbeb8e8d) Importer(815301076,1909f56bfc062723c751e8b465ee728b)  -> (artifact id: '6954d48a1394ea98eed49df30b55b55d') in 0.002660 seconds 
  Import took 0.009002 seconds .

========================================================================
Received Import Request.
  Time since last request: 107.950440 seconds.
  path: Assets/Materials/Shaders/ToonShading.shadergraph
  artifactKey: Guid(bb1cd331d886fcb4d8e046e5bbeb8e8d) Importer(815301076,1909f56bfc062723c751e8b465ee728b)
Start importing Assets/Materials/Shaders/ToonShading.shadergraph using Guid(bb1cd331d886fcb4d8e046e5bbeb8e8d) Importer(815301076,1909f56bfc062723c751e8b465ee728b)  -> (artifact id: 'ce15054c591066ddc7e6cfd8df172a79') in 0.003132 seconds 
  Import took 0.013983 seconds .

========================================================================
Received Import Request.
  Time since last request: 51.649736 seconds.
  path: Assets/Materials/Shaders/ToonShading.shadergraph
  artifactKey: Guid(bb1cd331d886fcb4d8e046e5bbeb8e8d) Importer(815301076,1909f56bfc062723c751e8b465ee728b)
Start importing Assets/Materials/Shaders/ToonShading.shadergraph using Guid(bb1cd331d886fcb4d8e046e5bbeb8e8d) Importer(815301076,1909f56bfc062723c751e8b465ee728b)  -> (artifact id: '923acceae443f01b42f54893312ba988') in 0.002226 seconds 
  Import took 0.012490 seconds .

========================================================================
Received Import Request.
  Time since last request: 5.364846 seconds.
  path: Assets/Materials/Shaders/ToonShading.shadergraph
  artifactKey: Guid(bb1cd331d886fcb4d8e046e5bbeb8e8d) Importer(815301076,1909f56bfc062723c751e8b465ee728b)
Start importing Assets/Materials/Shaders/ToonShading.shadergraph using Guid(bb1cd331d886fcb4d8e046e5bbeb8e8d) Importer(815301076,1909f56bfc062723c751e8b465ee728b)  -> (artifact id: '7b4322dcb9dca5cb101fc6c0ba738d43') in 0.002553 seconds 
  Import took 0.008541 seconds .

========================================================================
Received Import Request.
  Time since last request: 7.466251 seconds.
  path: Assets/Materials/Shaders/ToonShading.shadergraph
  artifactKey: Guid(bb1cd331d886fcb4d8e046e5bbeb8e8d) Importer(815301076,1909f56bfc062723c751e8b465ee728b)
Start importing Assets/Materials/Shaders/ToonShading.shadergraph using Guid(bb1cd331d886fcb4d8e046e5bbeb8e8d) Importer(815301076,1909f56bfc062723c751e8b465ee728b)  -> (artifact id: '075fbf75cdcd69ee5d9cc107f5ea0288') in 0.002299 seconds 
  Import took 0.007803 seconds .

========================================================================
Received Import Request.
  Time since last request: 7.275440 seconds.
  path: Assets/Materials/Shaders/ToonShading.shadergraph
  artifactKey: Guid(bb1cd331d886fcb4d8e046e5bbeb8e8d) Importer(815301076,1909f56bfc062723c751e8b465ee728b)
Start importing Assets/Materials/Shaders/ToonShading.shadergraph using Guid(bb1cd331d886fcb4d8e046e5bbeb8e8d) Importer(815301076,1909f56bfc062723c751e8b465ee728b)  -> (artifact id: 'eb49c58cea90e3a08b76d933e5d4d852') in 0.002962 seconds 
  Import took 0.017432 seconds .

========================================================================
Received Import Request.
  Time since last request: 4.889315 seconds.
  path: Assets/Materials/Shaders/ToonShading.shadergraph
  artifactKey: Guid(bb1cd331d886fcb4d8e046e5bbeb8e8d) Importer(815301076,1909f56bfc062723c751e8b465ee728b)
Start importing Assets/Materials/Shaders/ToonShading.shadergraph using Guid(bb1cd331d886fcb4d8e046e5bbeb8e8d) Importer(815301076,1909f56bfc062723c751e8b465ee728b)  -> (artifact id: '0cd9bd5dfbc625631dde6dac14df1e1b') in 0.002396 seconds 
  Import took 0.008674 seconds .

========================================================================
Received Import Request.
  Time since last request: 50.199567 seconds.
  path: Assets/Materials/Shaders/ToonShading.shadergraph
  artifactKey: Guid(bb1cd331d886fcb4d8e046e5bbeb8e8d) Importer(815301076,1909f56bfc062723c751e8b465ee728b)
Start importing Assets/Materials/Shaders/ToonShading.shadergraph using Guid(bb1cd331d886fcb4d8e046e5bbeb8e8d) Importer(815301076,1909f56bfc062723c751e8b465ee728b)  -> (artifact id: '24c425178e68105a36526e974f936e75') in 0.009312 seconds 
  Import took 0.014940 seconds .

========================================================================
Received Import Request.
  Time since last request: 9.019586 seconds.
  path: Assets/Materials/Shaders/ToonShading.shadergraph
  artifactKey: Guid(bb1cd331d886fcb4d8e046e5bbeb8e8d) Importer(815301076,1909f56bfc062723c751e8b465ee728b)
Start importing Assets/Materials/Shaders/ToonShading.shadergraph using Guid(bb1cd331d886fcb4d8e046e5bbeb8e8d) Importer(815301076,1909f56bfc062723c751e8b465ee728b)  -> (artifact id: '57293c6a9743818ea48f64fea649fa67') in 0.002936 seconds 
  Import took 0.016524 seconds .

========================================================================
Received Import Request.
  Time since last request: 70.981597 seconds.
  path: Assets/Materials/Shaders/ToonShading.shadergraph
  artifactKey: Guid(bb1cd331d886fcb4d8e046e5bbeb8e8d) Importer(815301076,1909f56bfc062723c751e8b465ee728b)
Start importing Assets/Materials/Shaders/ToonShading.shadergraph using Guid(bb1cd331d886fcb4d8e046e5bbeb8e8d) Importer(815301076,1909f56bfc062723c751e8b465ee728b)  -> (artifact id: 'befb2e4765a4776ecedfda21be351128') in 0.002300 seconds 
  Import took 0.008078 seconds .

========================================================================
Received Import Request.
  Time since last request: 23.395392 seconds.
  path: Assets/Materials/Shaders/ToonShading.shadergraph
  artifactKey: Guid(bb1cd331d886fcb4d8e046e5bbeb8e8d) Importer(815301076,1909f56bfc062723c751e8b465ee728b)
Start importing Assets/Materials/Shaders/ToonShading.shadergraph using Guid(bb1cd331d886fcb4d8e046e5bbeb8e8d) Importer(815301076,1909f56bfc062723c751e8b465ee728b)  -> (artifact id: '0ce03339b5ccfbeb80f5912f65fc49d9') in 0.002650 seconds 
  Import took 0.008432 seconds .

========================================================================
Received Import Request.
  Time since last request: 21.143818 seconds.
  path: Assets/Materials/Shaders/ToonShading.shadergraph
  artifactKey: Guid(bb1cd331d886fcb4d8e046e5bbeb8e8d) Importer(815301076,1909f56bfc062723c751e8b465ee728b)
Start importing Assets/Materials/Shaders/ToonShading.shadergraph using Guid(bb1cd331d886fcb4d8e046e5bbeb8e8d) Importer(815301076,1909f56bfc062723c751e8b465ee728b)  -> (artifact id: '4886bebf859ecbef839c6bddac65a4bb') in 0.002912 seconds 
  Import took 0.009004 seconds .

========================================================================
Received Import Request.
  Time since last request: 193.202095 seconds.
  path: Assets/Materials/Shaders/ToonShading.shadergraph
  artifactKey: Guid(bb1cd331d886fcb4d8e046e5bbeb8e8d) Importer(815301076,1909f56bfc062723c751e8b465ee728b)
Start importing Assets/Materials/Shaders/ToonShading.shadergraph using Guid(bb1cd331d886fcb4d8e046e5bbeb8e8d) Importer(815301076,1909f56bfc062723c751e8b465ee728b)  -> (artifact id: 'cd700b16c0ed9187b29f8f89a7fd232e') in 0.002242 seconds 
  Import took 0.016004 seconds .

========================================================================
Received Import Request.
  Time since last request: 139.374142 seconds.
  path: Assets/Materials/Shaders/ToonShading.shadergraph
  artifactKey: Guid(bb1cd331d886fcb4d8e046e5bbeb8e8d) Importer(815301076,1909f56bfc062723c751e8b465ee728b)
Start importing Assets/Materials/Shaders/ToonShading.shadergraph using Guid(bb1cd331d886fcb4d8e046e5bbeb8e8d) Importer(815301076,1909f56bfc062723c751e8b465ee728b)  -> (artifact id: '4765536fdd60a2b841d8a0252b99eedb') in 0.006103 seconds 
  Import took 0.041331 seconds .

========================================================================
Received Import Request.
  Time since last request: 29.524748 seconds.
  path: Assets/Materials/Shaders/ToonShading.shadergraph
  artifactKey: Guid(bb1cd331d886fcb4d8e046e5bbeb8e8d) Importer(815301076,1909f56bfc062723c751e8b465ee728b)
Start importing Assets/Materials/Shaders/ToonShading.shadergraph using Guid(bb1cd331d886fcb4d8e046e5bbeb8e8d) Importer(815301076,1909f56bfc062723c751e8b465ee728b)  -> (artifact id: 'ec9bad18f837b2e39d5535db1977f417') in 0.002696 seconds 
  Import took 0.028316 seconds .

========================================================================
Received Import Request.
  Time since last request: 24.512311 seconds.
  path: Assets/Materials/Shaders/ToonShading.shadergraph
  artifactKey: Guid(bb1cd331d886fcb4d8e046e5bbeb8e8d) Importer(815301076,1909f56bfc062723c751e8b465ee728b)
Start importing Assets/Materials/Shaders/ToonShading.shadergraph using Guid(bb1cd331d886fcb4d8e046e5bbeb8e8d) Importer(815301076,1909f56bfc062723c751e8b465ee728b)  -> (artifact id: 'd17d5f86195767b56716ef61776cae09') in 0.002381 seconds 
  Import took 0.120654 seconds .

========================================================================
Received Import Request.
  Time since last request: 9.117835 seconds.
  path: Assets/Materials/Shaders/ToonShading.shadergraph
  artifactKey: Guid(bb1cd331d886fcb4d8e046e5bbeb8e8d) Importer(815301076,1909f56bfc062723c751e8b465ee728b)
Start importing Assets/Materials/Shaders/ToonShading.shadergraph using Guid(bb1cd331d886fcb4d8e046e5bbeb8e8d) Importer(815301076,1909f56bfc062723c751e8b465ee728b)  -> (artifact id: 'e0451863e292f4759a71711c637a84d3') in 0.002433 seconds 
  Import took 0.037373 seconds .

========================================================================
Received Import Request.
  Time since last request: 151.205324 seconds.
  path: Assets/Materials/Shaders/ToonShading.shadergraph
  artifactKey: Guid(bb1cd331d886fcb4d8e046e5bbeb8e8d) Importer(815301076,1909f56bfc062723c751e8b465ee728b)
Start importing Assets/Materials/Shaders/ToonShading.shadergraph using Guid(bb1cd331d886fcb4d8e046e5bbeb8e8d) Importer(815301076,1909f56bfc062723c751e8b465ee728b)  -> (artifact id: '1884599f3491b1d2a112de1d1dc05dba') in 0.002459 seconds 
  Import took 0.031039 seconds .

========================================================================
Received Import Request.
  Time since last request: 40.714281 seconds.
  path: Assets/Materials/Shaders/ToonShading.shadergraph
  artifactKey: Guid(bb1cd331d886fcb4d8e046e5bbeb8e8d) Importer(815301076,1909f56bfc062723c751e8b465ee728b)
Start importing Assets/Materials/Shaders/ToonShading.shadergraph using Guid(bb1cd331d886fcb4d8e046e5bbeb8e8d) Importer(815301076,1909f56bfc062723c751e8b465ee728b)  -> (artifact id: '463bb46a41b163b5e43881ea0169c9b5') in 0.002446 seconds 
  Import took 0.053088 seconds .

========================================================================
Received Import Request.
  Time since last request: 14.726717 seconds.
  path: Assets/Materials/Shaders/ToonShading.shadergraph
  artifactKey: Guid(bb1cd331d886fcb4d8e046e5bbeb8e8d) Importer(815301076,1909f56bfc062723c751e8b465ee728b)
Start importing Assets/Materials/Shaders/ToonShading.shadergraph using Guid(bb1cd331d886fcb4d8e046e5bbeb8e8d) Importer(815301076,1909f56bfc062723c751e8b465ee728b)  -> (artifact id: 'd81de7e223f5af2c3cfa8adadb036f2f') in 0.002955 seconds 
  Import took 0.034899 seconds .

